Error: ER_ACCESS_DENIED_ERROR: Access denied for user 'root'@'localhost' (using password: YES)
    at Handshake.Sequence._packetToError (/Users/baiyy/blog-koa2/node_modules/mysql/lib/protocol/sequences/Sequence.js:47:14)
    at Handshake.ErrorPacket (/Users/baiyy/blog-koa2/node_modules/mysql/lib/protocol/sequences/Handshake.js:124:18)
    at Protocol._parsePacket (/Users/baiyy/blog-koa2/node_modules/mysql/lib/protocol/Protocol.js:278:23)
    at Parser.write (/Users/baiyy/blog-koa2/node_modules/mysql/lib/protocol/Parser.js:76:12)
    at Protocol.write (/Users/baiyy/blog-koa2/node_modules/mysql/lib/protocol/Protocol.js:38:16)
    at Socket.<anonymous> (/Users/baiyy/blog-koa2/node_modules/mysql/lib/Connection.js:91:28)
    at Socket.<anonymous> (/Users/baiyy/blog-koa2/node_modules/mysql/lib/Connection.js:502:10)
    at Socket.emit (events.js:189:13)
    at addChunk (_stream_readable.js:284:12)
    at readableAddChunk (_stream_readable.js:265:11)
    at Socket.Readable.push (_stream_readable.js:220:10)
    at TCP.onStreamRead [as onread] (internal/stream_base_commons.js:94:17)
    --------------------
    at Protocol._enqueue (/Users/baiyy/blog-koa2/node_modules/mysql/lib/protocol/Protocol.js:144:48)
    at Protocol.handshake (/Users/baiyy/blog-koa2/node_modules/mysql/lib/protocol/Protocol.js:51:23)
    at Connection.connect (/Users/baiyy/blog-koa2/node_modules/mysql/lib/Connection.js:118:18)
    at Object.<anonymous> (/Users/baiyy/blog-koa2/db/mysql.js:8:5)
    at Module._compile (internal/modules/cjs/loader.js:701:30)
    at Object.Module._extensions..js (internal/modules/cjs/loader.js:712:10)
    at Module.load (internal/modules/cjs/loader.js:600:32)
    at tryModuleLoad (internal/modules/cjs/loader.js:539:12)
    at Function.Module._load (internal/modules/cjs/loader.js:531:3)
    at Module.require (internal/modules/cjs/loader.js:637:17)
    at Module.Hook._require.Module.require (/usr/local/lib/node_modules/pm2/node_modules/require-in-the-middle/index.js:70:37)
    at require (internal/modules/cjs/helpers.js:22:18)
    at Object.<anonymous> (/Users/baiyy/blog-koa2/controller/blog.js:2:18)
    at Module._compile (internal/modules/cjs/loader.js:701:30)
    at Object.Module._extensions..js (internal/modules/cjs/loader.js:712:10)
    at Module.load (internal/modules/cjs/loader.js:600:32)
Error: ER_ACCESS_DENIED_ERROR: Access denied for user 'root'@'localhost' (using password: YES)
    at Handshake.Sequence._packetToError (/Users/baiyy/blog-koa2/node_modules/mysql/lib/protocol/sequences/Sequence.js:47:14)
    at Handshake.ErrorPacket (/Users/baiyy/blog-koa2/node_modules/mysql/lib/protocol/sequences/Handshake.js:124:18)
    at Protocol._parsePacket (/Users/baiyy/blog-koa2/node_modules/mysql/lib/protocol/Protocol.js:278:23)
    at Parser.write (/Users/baiyy/blog-koa2/node_modules/mysql/lib/protocol/Parser.js:76:12)
    at Protocol.write (/Users/baiyy/blog-koa2/node_modules/mysql/lib/protocol/Protocol.js:38:16)
    at Socket.<anonymous> (/Users/baiyy/blog-koa2/node_modules/mysql/lib/Connection.js:91:28)
    at Socket.<anonymous> (/Users/baiyy/blog-koa2/node_modules/mysql/lib/Connection.js:502:10)
    at Socket.emit (events.js:189:13)
    at addChunk (_stream_readable.js:284:12)
    at readableAddChunk (_stream_readable.js:265:11)
    at Socket.Readable.push (_stream_readable.js:220:10)
    at TCP.onStreamRead [as onread] (internal/stream_base_commons.js:94:17)
    --------------------
    at Protocol._enqueue (/Users/baiyy/blog-koa2/node_modules/mysql/lib/protocol/Protocol.js:144:48)
    at Protocol.handshake (/Users/baiyy/blog-koa2/node_modules/mysql/lib/protocol/Protocol.js:51:23)
    at Connection.connect (/Users/baiyy/blog-koa2/node_modules/mysql/lib/Connection.js:118:18)
    at Object.<anonymous> (/Users/baiyy/blog-koa2/db/mysql.js:8:5)
    at Module._compile (internal/modules/cjs/loader.js:701:30)
    at Object.Module._extensions..js (internal/modules/cjs/loader.js:712:10)
    at Module.load (internal/modules/cjs/loader.js:600:32)
    at tryModuleLoad (internal/modules/cjs/loader.js:539:12)
    at Function.Module._load (internal/modules/cjs/loader.js:531:3)
    at Module.require (internal/modules/cjs/loader.js:637:17)
    at Module.Hook._require.Module.require (/usr/local/lib/node_modules/pm2/node_modules/require-in-the-middle/index.js:70:37)
    at require (internal/modules/cjs/helpers.js:22:18)
    at Object.<anonymous> (/Users/baiyy/blog-koa2/controller/blog.js:2:18)
    at Module._compile (internal/modules/cjs/loader.js:701:30)
    at Object.Module._extensions..js (internal/modules/cjs/loader.js:712:10)
    at Module.load (internal/modules/cjs/loader.js:600:32)
Error: ER_ACCESS_DENIED_ERROR: Access denied for user 'root'@'localhost' (using password: YES)
    at Handshake.Sequence._packetToError (/Users/baiyy/blog-koa2/node_modules/mysql/lib/protocol/sequences/Sequence.js:47:14)
    at Handshake.ErrorPacket (/Users/baiyy/blog-koa2/node_modules/mysql/lib/protocol/sequences/Handshake.js:124:18)
    at Protocol._parsePacket (/Users/baiyy/blog-koa2/node_modules/mysql/lib/protocol/Protocol.js:278:23)
    at Parser.write (/Users/baiyy/blog-koa2/node_modules/mysql/lib/protocol/Parser.js:76:12)
    at Protocol.write (/Users/baiyy/blog-koa2/node_modules/mysql/lib/protocol/Protocol.js:38:16)
    at Socket.<anonymous> (/Users/baiyy/blog-koa2/node_modules/mysql/lib/Connection.js:91:28)
    at Socket.<anonymous> (/Users/baiyy/blog-koa2/node_modules/mysql/lib/Connection.js:502:10)
    at Socket.emit (events.js:189:13)
    at addChunk (_stream_readable.js:284:12)
    at readableAddChunk (_stream_readable.js:265:11)
    at Socket.Readable.push (_stream_readable.js:220:10)
    at TCP.onStreamRead [as onread] (internal/stream_base_commons.js:94:17)
    --------------------
    at Protocol._enqueue (/Users/baiyy/blog-koa2/node_modules/mysql/lib/protocol/Protocol.js:144:48)
    at Protocol.handshake (/Users/baiyy/blog-koa2/node_modules/mysql/lib/protocol/Protocol.js:51:23)
    at Connection.connect (/Users/baiyy/blog-koa2/node_modules/mysql/lib/Connection.js:118:18)
    at Object.<anonymous> (/Users/baiyy/blog-koa2/db/mysql.js:8:5)
    at Module._compile (internal/modules/cjs/loader.js:701:30)
    at Object.Module._extensions..js (internal/modules/cjs/loader.js:712:10)
    at Module.load (internal/modules/cjs/loader.js:600:32)
    at tryModuleLoad (internal/modules/cjs/loader.js:539:12)
    at Function.Module._load (internal/modules/cjs/loader.js:531:3)
    at Module.require (internal/modules/cjs/loader.js:637:17)
    at Module.Hook._require.Module.require (/usr/local/lib/node_modules/pm2/node_modules/require-in-the-middle/index.js:70:37)
    at require (internal/modules/cjs/helpers.js:22:18)
    at Object.<anonymous> (/Users/baiyy/blog-koa2/controller/blog.js:2:18)
    at Module._compile (internal/modules/cjs/loader.js:701:30)
    at Object.Module._extensions..js (internal/modules/cjs/loader.js:712:10)
    at Module.load (internal/modules/cjs/loader.js:600:32)
Error: ER_ACCESS_DENIED_ERROR: Access denied for user 'root'@'localhost' (using password: YES)
    at Handshake.Sequence._packetToError (/Users/baiyy/blog-koa2/node_modules/mysql/lib/protocol/sequences/Sequence.js:47:14)
    at Handshake.ErrorPacket (/Users/baiyy/blog-koa2/node_modules/mysql/lib/protocol/sequences/Handshake.js:124:18)
    at Protocol._parsePacket (/Users/baiyy/blog-koa2/node_modules/mysql/lib/protocol/Protocol.js:278:23)
    at Parser.write (/Users/baiyy/blog-koa2/node_modules/mysql/lib/protocol/Parser.js:76:12)
    at Protocol.write (/Users/baiyy/blog-koa2/node_modules/mysql/lib/protocol/Protocol.js:38:16)
    at Socket.<anonymous> (/Users/baiyy/blog-koa2/node_modules/mysql/lib/Connection.js:91:28)
    at Socket.<anonymous> (/Users/baiyy/blog-koa2/node_modules/mysql/lib/Connection.js:502:10)
    at Socket.emit (events.js:189:13)
    at addChunk (_stream_readable.js:284:12)
    at readableAddChunk (_stream_readable.js:265:11)
    at Socket.Readable.push (_stream_readable.js:220:10)
    at TCP.onStreamRead [as onread] (internal/stream_base_commons.js:94:17)
    --------------------
    at Protocol._enqueue (/Users/baiyy/blog-koa2/node_modules/mysql/lib/protocol/Protocol.js:144:48)
    at Protocol.handshake (/Users/baiyy/blog-koa2/node_modules/mysql/lib/protocol/Protocol.js:51:23)
    at Connection.connect (/Users/baiyy/blog-koa2/node_modules/mysql/lib/Connection.js:118:18)
    at Object.<anonymous> (/Users/baiyy/blog-koa2/db/mysql.js:8:5)
    at Module._compile (internal/modules/cjs/loader.js:701:30)
    at Object.Module._extensions..js (internal/modules/cjs/loader.js:712:10)
    at Module.load (internal/modules/cjs/loader.js:600:32)
    at tryModuleLoad (internal/modules/cjs/loader.js:539:12)
    at Function.Module._load (internal/modules/cjs/loader.js:531:3)
    at Module.require (internal/modules/cjs/loader.js:637:17)
    at Module.Hook._require.Module.require (/usr/local/lib/node_modules/pm2/node_modules/require-in-the-middle/index.js:70:37)
    at require (internal/modules/cjs/helpers.js:22:18)
    at Object.<anonymous> (/Users/baiyy/blog-koa2/controller/blog.js:2:18)
    at Module._compile (internal/modules/cjs/loader.js:701:30)
    at Object.Module._extensions..js (internal/modules/cjs/loader.js:712:10)
    at Module.load (internal/modules/cjs/loader.js:600:32)
Error: ER_ACCESS_DENIED_ERROR: Access denied for user 'root'@'localhost' (using password: YES)
    at Handshake.Sequence._packetToError (/Users/baiyy/blog-koa2/node_modules/mysql/lib/protocol/sequences/Sequence.js:47:14)
    at Handshake.ErrorPacket (/Users/baiyy/blog-koa2/node_modules/mysql/lib/protocol/sequences/Handshake.js:124:18)
    at Protocol._parsePacket (/Users/baiyy/blog-koa2/node_modules/mysql/lib/protocol/Protocol.js:278:23)
    at Parser.write (/Users/baiyy/blog-koa2/node_modules/mysql/lib/protocol/Parser.js:76:12)
    at Protocol.write (/Users/baiyy/blog-koa2/node_modules/mysql/lib/protocol/Protocol.js:38:16)
    at Socket.<anonymous> (/Users/baiyy/blog-koa2/node_modules/mysql/lib/Connection.js:91:28)
    at Socket.<anonymous> (/Users/baiyy/blog-koa2/node_modules/mysql/lib/Connection.js:502:10)
    at Socket.emit (events.js:189:13)
    at addChunk (_stream_readable.js:284:12)
    at readableAddChunk (_stream_readable.js:265:11)
    at Socket.Readable.push (_stream_readable.js:220:10)
    at TCP.onStreamRead [as onread] (internal/stream_base_commons.js:94:17)
    --------------------
    at Protocol._enqueue (/Users/baiyy/blog-koa2/node_modules/mysql/lib/protocol/Protocol.js:144:48)
    at Protocol.handshake (/Users/baiyy/blog-koa2/node_modules/mysql/lib/protocol/Protocol.js:51:23)
    at Connection.connect (/Users/baiyy/blog-koa2/node_modules/mysql/lib/Connection.js:118:18)
    at Object.<anonymous> (/Users/baiyy/blog-koa2/db/mysql.js:8:5)
    at Module._compile (internal/modules/cjs/loader.js:701:30)
    at Object.Module._extensions..js (internal/modules/cjs/loader.js:712:10)
    at Module.load (internal/modules/cjs/loader.js:600:32)
    at tryModuleLoad (internal/modules/cjs/loader.js:539:12)
    at Function.Module._load (internal/modules/cjs/loader.js:531:3)
    at Module.require (internal/modules/cjs/loader.js:637:17)
    at Module.Hook._require.Module.require (/usr/local/lib/node_modules/pm2/node_modules/require-in-the-middle/index.js:70:37)
    at require (internal/modules/cjs/helpers.js:22:18)
    at Object.<anonymous> (/Users/baiyy/blog-koa2/controller/blog.js:2:18)
    at Module._compile (internal/modules/cjs/loader.js:701:30)
    at Object.Module._extensions..js (internal/modules/cjs/loader.js:712:10)
    at Module.load (internal/modules/cjs/loader.js:600:32)
Error: ER_ACCESS_DENIED_ERROR: Access denied for user 'root'@'localhost' (using password: YES)
    at Handshake.Sequence._packetToError (/Users/baiyy/blog-koa2/node_modules/mysql/lib/protocol/sequences/Sequence.js:47:14)
    at Handshake.ErrorPacket (/Users/baiyy/blog-koa2/node_modules/mysql/lib/protocol/sequences/Handshake.js:124:18)
    at Protocol._parsePacket (/Users/baiyy/blog-koa2/node_modules/mysql/lib/protocol/Protocol.js:278:23)
    at Parser.write (/Users/baiyy/blog-koa2/node_modules/mysql/lib/protocol/Parser.js:76:12)
    at Protocol.write (/Users/baiyy/blog-koa2/node_modules/mysql/lib/protocol/Protocol.js:38:16)
    at Socket.<anonymous> (/Users/baiyy/blog-koa2/node_modules/mysql/lib/Connection.js:91:28)
    at Socket.<anonymous> (/Users/baiyy/blog-koa2/node_modules/mysql/lib/Connection.js:502:10)
    at Socket.emit (events.js:189:13)
    at addChunk (_stream_readable.js:284:12)
    at readableAddChunk (_stream_readable.js:265:11)
    at Socket.Readable.push (_stream_readable.js:220:10)
    at TCP.onStreamRead [as onread] (internal/stream_base_commons.js:94:17)
    --------------------
    at Protocol._enqueue (/Users/baiyy/blog-koa2/node_modules/mysql/lib/protocol/Protocol.js:144:48)
    at Protocol.handshake (/Users/baiyy/blog-koa2/node_modules/mysql/lib/protocol/Protocol.js:51:23)
    at Connection.connect (/Users/baiyy/blog-koa2/node_modules/mysql/lib/Connection.js:118:18)
    at Object.<anonymous> (/Users/baiyy/blog-koa2/db/mysql.js:8:5)
    at Module._compile (internal/modules/cjs/loader.js:701:30)
    at Object.Module._extensions..js (internal/modules/cjs/loader.js:712:10)
    at Module.load (internal/modules/cjs/loader.js:600:32)
    at tryModuleLoad (internal/modules/cjs/loader.js:539:12)
    at Function.Module._load (internal/modules/cjs/loader.js:531:3)
    at Module.require (internal/modules/cjs/loader.js:637:17)
    at Module.Hook._require.Module.require (/usr/local/lib/node_modules/pm2/node_modules/require-in-the-middle/index.js:70:37)
    at require (internal/modules/cjs/helpers.js:22:18)
    at Object.<anonymous> (/Users/baiyy/blog-koa2/controller/blog.js:2:18)
    at Module._compile (internal/modules/cjs/loader.js:701:30)
    at Object.Module._extensions..js (internal/modules/cjs/loader.js:712:10)
    at Module.load (internal/modules/cjs/loader.js:600:32)
Error: ER_ACCESS_DENIED_ERROR: Access denied for user 'root'@'localhost' (using password: YES)
    at Handshake.Sequence._packetToError (/Users/baiyy/blog-koa2/node_modules/mysql/lib/protocol/sequences/Sequence.js:47:14)
    at Handshake.ErrorPacket (/Users/baiyy/blog-koa2/node_modules/mysql/lib/protocol/sequences/Handshake.js:124:18)
    at Protocol._parsePacket (/Users/baiyy/blog-koa2/node_modules/mysql/lib/protocol/Protocol.js:278:23)
    at Parser.write (/Users/baiyy/blog-koa2/node_modules/mysql/lib/protocol/Parser.js:76:12)
    at Protocol.write (/Users/baiyy/blog-koa2/node_modules/mysql/lib/protocol/Protocol.js:38:16)
    at Socket.<anonymous> (/Users/baiyy/blog-koa2/node_modules/mysql/lib/Connection.js:91:28)
    at Socket.<anonymous> (/Users/baiyy/blog-koa2/node_modules/mysql/lib/Connection.js:502:10)
    at Socket.emit (events.js:189:13)
    at addChunk (_stream_readable.js:284:12)
    at readableAddChunk (_stream_readable.js:265:11)
    at Socket.Readable.push (_stream_readable.js:220:10)
    at TCP.onStreamRead [as onread] (internal/stream_base_commons.js:94:17)
    --------------------
    at Protocol._enqueue (/Users/baiyy/blog-koa2/node_modules/mysql/lib/protocol/Protocol.js:144:48)
    at Protocol.handshake (/Users/baiyy/blog-koa2/node_modules/mysql/lib/protocol/Protocol.js:51:23)
    at Connection.connect (/Users/baiyy/blog-koa2/node_modules/mysql/lib/Connection.js:118:18)
    at Object.<anonymous> (/Users/baiyy/blog-koa2/db/mysql.js:8:5)
    at Module._compile (internal/modules/cjs/loader.js:701:30)
    at Object.Module._extensions..js (internal/modules/cjs/loader.js:712:10)
    at Module.load (internal/modules/cjs/loader.js:600:32)
    at tryModuleLoad (internal/modules/cjs/loader.js:539:12)
    at Function.Module._load (internal/modules/cjs/loader.js:531:3)
    at Module.require (internal/modules/cjs/loader.js:637:17)
    at Module.Hook._require.Module.require (/usr/local/lib/node_modules/pm2/node_modules/require-in-the-middle/index.js:70:37)
    at require (internal/modules/cjs/helpers.js:22:18)
    at Object.<anonymous> (/Users/baiyy/blog-koa2/controller/blog.js:2:18)
    at Module._compile (internal/modules/cjs/loader.js:701:30)
    at Object.Module._extensions..js (internal/modules/cjs/loader.js:712:10)
    at Module.load (internal/modules/cjs/loader.js:600:32)
Error: ER_ACCESS_DENIED_ERROR: Access denied for user 'root'@'localhost' (using password: YES)
    at Handshake.Sequence._packetToError (/Users/baiyy/blog-koa2/node_modules/mysql/lib/protocol/sequences/Sequence.js:47:14)
    at Handshake.ErrorPacket (/Users/baiyy/blog-koa2/node_modules/mysql/lib/protocol/sequences/Handshake.js:124:18)
    at Protocol._parsePacket (/Users/baiyy/blog-koa2/node_modules/mysql/lib/protocol/Protocol.js:278:23)
    at Parser.write (/Users/baiyy/blog-koa2/node_modules/mysql/lib/protocol/Parser.js:76:12)
    at Protocol.write (/Users/baiyy/blog-koa2/node_modules/mysql/lib/protocol/Protocol.js:38:16)
    at Socket.<anonymous> (/Users/baiyy/blog-koa2/node_modules/mysql/lib/Connection.js:91:28)
    at Socket.<anonymous> (/Users/baiyy/blog-koa2/node_modules/mysql/lib/Connection.js:502:10)
    at Socket.emit (events.js:189:13)
    at addChunk (_stream_readable.js:284:12)
    at readableAddChunk (_stream_readable.js:265:11)
    at Socket.Readable.push (_stream_readable.js:220:10)
    at TCP.onStreamRead [as onread] (internal/stream_base_commons.js:94:17)
    --------------------
    at Protocol._enqueue (/Users/baiyy/blog-koa2/node_modules/mysql/lib/protocol/Protocol.js:144:48)
    at Protocol.handshake (/Users/baiyy/blog-koa2/node_modules/mysql/lib/protocol/Protocol.js:51:23)
    at Connection.connect (/Users/baiyy/blog-koa2/node_modules/mysql/lib/Connection.js:118:18)
    at Object.<anonymous> (/Users/baiyy/blog-koa2/db/mysql.js:8:5)
    at Module._compile (internal/modules/cjs/loader.js:701:30)
    at Object.Module._extensions..js (internal/modules/cjs/loader.js:712:10)
    at Module.load (internal/modules/cjs/loader.js:600:32)
    at tryModuleLoad (internal/modules/cjs/loader.js:539:12)
    at Function.Module._load (internal/modules/cjs/loader.js:531:3)
    at Module.require (internal/modules/cjs/loader.js:637:17)
    at Module.Hook._require.Module.require (/usr/local/lib/node_modules/pm2/node_modules/require-in-the-middle/index.js:70:37)
    at require (internal/modules/cjs/helpers.js:22:18)
    at Object.<anonymous> (/Users/baiyy/blog-koa2/controller/blog.js:2:18)
    at Module._compile (internal/modules/cjs/loader.js:701:30)
    at Object.Module._extensions..js (internal/modules/cjs/loader.js:712:10)
    at Module.load (internal/modules/cjs/loader.js:600:32)
Error: ER_ACCESS_DENIED_ERROR: Access denied for user 'root'@'localhost' (using password: YES)
    at Handshake.Sequence._packetToError (/Users/baiyy/blog-koa2/node_modules/mysql/lib/protocol/sequences/Sequence.js:47:14)
    at Handshake.ErrorPacket (/Users/baiyy/blog-koa2/node_modules/mysql/lib/protocol/sequences/Handshake.js:124:18)
    at Protocol._parsePacket (/Users/baiyy/blog-koa2/node_modules/mysql/lib/protocol/Protocol.js:278:23)
    at Parser.write (/Users/baiyy/blog-koa2/node_modules/mysql/lib/protocol/Parser.js:76:12)
    at Protocol.write (/Users/baiyy/blog-koa2/node_modules/mysql/lib/protocol/Protocol.js:38:16)
    at Socket.<anonymous> (/Users/baiyy/blog-koa2/node_modules/mysql/lib/Connection.js:91:28)
    at Socket.<anonymous> (/Users/baiyy/blog-koa2/node_modules/mysql/lib/Connection.js:502:10)
    at Socket.emit (events.js:189:13)
    at addChunk (_stream_readable.js:284:12)
    at readableAddChunk (_stream_readable.js:265:11)
    at Socket.Readable.push (_stream_readable.js:220:10)
    at TCP.onStreamRead [as onread] (internal/stream_base_commons.js:94:17)
    --------------------
    at Protocol._enqueue (/Users/baiyy/blog-koa2/node_modules/mysql/lib/protocol/Protocol.js:144:48)
    at Protocol.handshake (/Users/baiyy/blog-koa2/node_modules/mysql/lib/protocol/Protocol.js:51:23)
    at Connection.connect (/Users/baiyy/blog-koa2/node_modules/mysql/lib/Connection.js:118:18)
    at Object.<anonymous> (/Users/baiyy/blog-koa2/db/mysql.js:8:5)
    at Module._compile (internal/modules/cjs/loader.js:701:30)
    at Object.Module._extensions..js (internal/modules/cjs/loader.js:712:10)
    at Module.load (internal/modules/cjs/loader.js:600:32)
    at tryModuleLoad (internal/modules/cjs/loader.js:539:12)
    at Function.Module._load (internal/modules/cjs/loader.js:531:3)
    at Module.require (internal/modules/cjs/loader.js:637:17)
    at Module.Hook._require.Module.require (/usr/local/lib/node_modules/pm2/node_modules/require-in-the-middle/index.js:70:37)
    at require (internal/modules/cjs/helpers.js:22:18)
    at Object.<anonymous> (/Users/baiyy/blog-koa2/controller/blog.js:2:18)
    at Module._compile (internal/modules/cjs/loader.js:701:30)
    at Object.Module._extensions..js (internal/modules/cjs/loader.js:712:10)
    at Module.load (internal/modules/cjs/loader.js:600:32)
Error: ER_ACCESS_DENIED_ERROR: Access denied for user 'root'@'localhost' (using password: YES)
    at Handshake.Sequence._packetToError (/Users/baiyy/blog-koa2/node_modules/mysql/lib/protocol/sequences/Sequence.js:47:14)
    at Handshake.ErrorPacket (/Users/baiyy/blog-koa2/node_modules/mysql/lib/protocol/sequences/Handshake.js:124:18)
    at Protocol._parsePacket (/Users/baiyy/blog-koa2/node_modules/mysql/lib/protocol/Protocol.js:278:23)
    at Parser.write (/Users/baiyy/blog-koa2/node_modules/mysql/lib/protocol/Parser.js:76:12)
    at Protocol.write (/Users/baiyy/blog-koa2/node_modules/mysql/lib/protocol/Protocol.js:38:16)
    at Socket.<anonymous> (/Users/baiyy/blog-koa2/node_modules/mysql/lib/Connection.js:91:28)
    at Socket.<anonymous> (/Users/baiyy/blog-koa2/node_modules/mysql/lib/Connection.js:502:10)
    at Socket.emit (events.js:189:13)
    at addChunk (_stream_readable.js:284:12)
    at readableAddChunk (_stream_readable.js:265:11)
    at Socket.Readable.push (_stream_readable.js:220:10)
    at TCP.onStreamRead [as onread] (internal/stream_base_commons.js:94:17)
    --------------------
    at Protocol._enqueue (/Users/baiyy/blog-koa2/node_modules/mysql/lib/protocol/Protocol.js:144:48)
    at Protocol.handshake (/Users/baiyy/blog-koa2/node_modules/mysql/lib/protocol/Protocol.js:51:23)
    at Connection.connect (/Users/baiyy/blog-koa2/node_modules/mysql/lib/Connection.js:118:18)
    at Object.<anonymous> (/Users/baiyy/blog-koa2/db/mysql.js:8:5)
    at Module._compile (internal/modules/cjs/loader.js:701:30)
    at Object.Module._extensions..js (internal/modules/cjs/loader.js:712:10)
    at Module.load (internal/modules/cjs/loader.js:600:32)
    at tryModuleLoad (internal/modules/cjs/loader.js:539:12)
    at Function.Module._load (internal/modules/cjs/loader.js:531:3)
    at Module.require (internal/modules/cjs/loader.js:637:17)
    at Module.Hook._require.Module.require (/usr/local/lib/node_modules/pm2/node_modules/require-in-the-middle/index.js:70:37)
    at require (internal/modules/cjs/helpers.js:22:18)
    at Object.<anonymous> (/Users/baiyy/blog-koa2/controller/blog.js:2:18)
    at Module._compile (internal/modules/cjs/loader.js:701:30)
    at Object.Module._extensions..js (internal/modules/cjs/loader.js:712:10)
    at Module.load (internal/modules/cjs/loader.js:600:32)
Error: ER_ACCESS_DENIED_ERROR: Access denied for user 'root'@'localhost' (using password: YES)
    at Handshake.Sequence._packetToError (/Users/baiyy/blog-koa2/node_modules/mysql/lib/protocol/sequences/Sequence.js:47:14)
    at Handshake.ErrorPacket (/Users/baiyy/blog-koa2/node_modules/mysql/lib/protocol/sequences/Handshake.js:124:18)
    at Protocol._parsePacket (/Users/baiyy/blog-koa2/node_modules/mysql/lib/protocol/Protocol.js:278:23)
    at Parser.write (/Users/baiyy/blog-koa2/node_modules/mysql/lib/protocol/Parser.js:76:12)
    at Protocol.write (/Users/baiyy/blog-koa2/node_modules/mysql/lib/protocol/Protocol.js:38:16)
    at Socket.<anonymous> (/Users/baiyy/blog-koa2/node_modules/mysql/lib/Connection.js:91:28)
    at Socket.<anonymous> (/Users/baiyy/blog-koa2/node_modules/mysql/lib/Connection.js:502:10)
    at Socket.emit (events.js:189:13)
    at addChunk (_stream_readable.js:284:12)
    at readableAddChunk (_stream_readable.js:265:11)
    at Socket.Readable.push (_stream_readable.js:220:10)
    at TCP.onStreamRead [as onread] (internal/stream_base_commons.js:94:17)
    --------------------
    at Protocol._enqueue (/Users/baiyy/blog-koa2/node_modules/mysql/lib/protocol/Protocol.js:144:48)
    at Protocol.handshake (/Users/baiyy/blog-koa2/node_modules/mysql/lib/protocol/Protocol.js:51:23)
    at Connection.connect (/Users/baiyy/blog-koa2/node_modules/mysql/lib/Connection.js:118:18)
    at Object.<anonymous> (/Users/baiyy/blog-koa2/db/mysql.js:8:5)
    at Module._compile (internal/modules/cjs/loader.js:701:30)
    at Object.Module._extensions..js (internal/modules/cjs/loader.js:712:10)
    at Module.load (internal/modules/cjs/loader.js:600:32)
    at tryModuleLoad (internal/modules/cjs/loader.js:539:12)
    at Function.Module._load (internal/modules/cjs/loader.js:531:3)
    at Module.require (internal/modules/cjs/loader.js:637:17)
    at Module.Hook._require.Module.require (/usr/local/lib/node_modules/pm2/node_modules/require-in-the-middle/index.js:70:37)
    at require (internal/modules/cjs/helpers.js:22:18)
    at Object.<anonymous> (/Users/baiyy/blog-koa2/controller/blog.js:2:18)
    at Module._compile (internal/modules/cjs/loader.js:701:30)
    at Object.Module._extensions..js (internal/modules/cjs/loader.js:712:10)
    at Module.load (internal/modules/cjs/loader.js:600:32)
Error: ER_ACCESS_DENIED_ERROR: Access denied for user 'root'@'localhost' (using password: YES)
    at Handshake.Sequence._packetToError (/Users/baiyy/blog-koa2/node_modules/mysql/lib/protocol/sequences/Sequence.js:47:14)
    at Handshake.ErrorPacket (/Users/baiyy/blog-koa2/node_modules/mysql/lib/protocol/sequences/Handshake.js:124:18)
    at Protocol._parsePacket (/Users/baiyy/blog-koa2/node_modules/mysql/lib/protocol/Protocol.js:278:23)
    at Parser.write (/Users/baiyy/blog-koa2/node_modules/mysql/lib/protocol/Parser.js:76:12)
    at Protocol.write (/Users/baiyy/blog-koa2/node_modules/mysql/lib/protocol/Protocol.js:38:16)
    at Socket.<anonymous> (/Users/baiyy/blog-koa2/node_modules/mysql/lib/Connection.js:91:28)
    at Socket.<anonymous> (/Users/baiyy/blog-koa2/node_modules/mysql/lib/Connection.js:502:10)
    at Socket.emit (events.js:189:13)
    at addChunk (_stream_readable.js:284:12)
    at readableAddChunk (_stream_readable.js:265:11)
    at Socket.Readable.push (_stream_readable.js:220:10)
    at TCP.onStreamRead [as onread] (internal/stream_base_commons.js:94:17)
    --------------------
    at Protocol._enqueue (/Users/baiyy/blog-koa2/node_modules/mysql/lib/protocol/Protocol.js:144:48)
    at Protocol.handshake (/Users/baiyy/blog-koa2/node_modules/mysql/lib/protocol/Protocol.js:51:23)
    at Connection.connect (/Users/baiyy/blog-koa2/node_modules/mysql/lib/Connection.js:118:18)
    at Object.<anonymous> (/Users/baiyy/blog-koa2/db/mysql.js:8:5)
    at Module._compile (internal/modules/cjs/loader.js:701:30)
    at Object.Module._extensions..js (internal/modules/cjs/loader.js:712:10)
    at Module.load (internal/modules/cjs/loader.js:600:32)
    at tryModuleLoad (internal/modules/cjs/loader.js:539:12)
    at Function.Module._load (internal/modules/cjs/loader.js:531:3)
    at Module.require (internal/modules/cjs/loader.js:637:17)
    at Module.Hook._require.Module.require (/usr/local/lib/node_modules/pm2/node_modules/require-in-the-middle/index.js:70:37)
    at require (internal/modules/cjs/helpers.js:22:18)
    at Object.<anonymous> (/Users/baiyy/blog-koa2/controller/blog.js:2:18)
    at Module._compile (internal/modules/cjs/loader.js:701:30)
    at Object.Module._extensions..js (internal/modules/cjs/loader.js:712:10)
    at Module.load (internal/modules/cjs/loader.js:600:32)
Error: ER_ACCESS_DENIED_ERROR: Access denied for user 'root'@'localhost' (using password: YES)
    at Handshake.Sequence._packetToError (/Users/baiyy/blog-koa2/node_modules/mysql/lib/protocol/sequences/Sequence.js:47:14)
    at Handshake.ErrorPacket (/Users/baiyy/blog-koa2/node_modules/mysql/lib/protocol/sequences/Handshake.js:124:18)
    at Protocol._parsePacket (/Users/baiyy/blog-koa2/node_modules/mysql/lib/protocol/Protocol.js:278:23)
    at Parser.write (/Users/baiyy/blog-koa2/node_modules/mysql/lib/protocol/Parser.js:76:12)
    at Protocol.write (/Users/baiyy/blog-koa2/node_modules/mysql/lib/protocol/Protocol.js:38:16)
    at Socket.<anonymous> (/Users/baiyy/blog-koa2/node_modules/mysql/lib/Connection.js:91:28)
    at Socket.<anonymous> (/Users/baiyy/blog-koa2/node_modules/mysql/lib/Connection.js:502:10)
    at Socket.emit (events.js:189:13)
    at addChunk (_stream_readable.js:284:12)
    at readableAddChunk (_stream_readable.js:265:11)
    at Socket.Readable.push (_stream_readable.js:220:10)
    at TCP.onStreamRead [as onread] (internal/stream_base_commons.js:94:17)
    --------------------
    at Protocol._enqueue (/Users/baiyy/blog-koa2/node_modules/mysql/lib/protocol/Protocol.js:144:48)
    at Protocol.handshake (/Users/baiyy/blog-koa2/node_modules/mysql/lib/protocol/Protocol.js:51:23)
    at Connection.connect (/Users/baiyy/blog-koa2/node_modules/mysql/lib/Connection.js:118:18)
    at Object.<anonymous> (/Users/baiyy/blog-koa2/db/mysql.js:8:5)
    at Module._compile (internal/modules/cjs/loader.js:701:30)
    at Object.Module._extensions..js (internal/modules/cjs/loader.js:712:10)
    at Module.load (internal/modules/cjs/loader.js:600:32)
    at tryModuleLoad (internal/modules/cjs/loader.js:539:12)
    at Function.Module._load (internal/modules/cjs/loader.js:531:3)
    at Module.require (internal/modules/cjs/loader.js:637:17)
    at Module.Hook._require.Module.require (/usr/local/lib/node_modules/pm2/node_modules/require-in-the-middle/index.js:70:37)
    at require (internal/modules/cjs/helpers.js:22:18)
    at Object.<anonymous> (/Users/baiyy/blog-koa2/controller/blog.js:2:18)
    at Module._compile (internal/modules/cjs/loader.js:701:30)
    at Object.Module._extensions..js (internal/modules/cjs/loader.js:712:10)
    at Module.load (internal/modules/cjs/loader.js:600:32)
Error: ER_ACCESS_DENIED_ERROR: Access denied for user 'root'@'localhost' (using password: YES)
    at Handshake.Sequence._packetToError (/Users/baiyy/blog-koa2/node_modules/mysql/lib/protocol/sequences/Sequence.js:47:14)
    at Handshake.ErrorPacket (/Users/baiyy/blog-koa2/node_modules/mysql/lib/protocol/sequences/Handshake.js:124:18)
    at Protocol._parsePacket (/Users/baiyy/blog-koa2/node_modules/mysql/lib/protocol/Protocol.js:278:23)
    at Parser.write (/Users/baiyy/blog-koa2/node_modules/mysql/lib/protocol/Parser.js:76:12)
    at Protocol.write (/Users/baiyy/blog-koa2/node_modules/mysql/lib/protocol/Protocol.js:38:16)
    at Socket.<anonymous> (/Users/baiyy/blog-koa2/node_modules/mysql/lib/Connection.js:91:28)
    at Socket.<anonymous> (/Users/baiyy/blog-koa2/node_modules/mysql/lib/Connection.js:502:10)
    at Socket.emit (events.js:189:13)
    at addChunk (_stream_readable.js:284:12)
    at readableAddChunk (_stream_readable.js:265:11)
    at Socket.Readable.push (_stream_readable.js:220:10)
    at TCP.onStreamRead [as onread] (internal/stream_base_commons.js:94:17)
    --------------------
    at Protocol._enqueue (/Users/baiyy/blog-koa2/node_modules/mysql/lib/protocol/Protocol.js:144:48)
    at Protocol.handshake (/Users/baiyy/blog-koa2/node_modules/mysql/lib/protocol/Protocol.js:51:23)
    at Connection.connect (/Users/baiyy/blog-koa2/node_modules/mysql/lib/Connection.js:118:18)
    at Object.<anonymous> (/Users/baiyy/blog-koa2/db/mysql.js:8:5)
    at Module._compile (internal/modules/cjs/loader.js:701:30)
    at Object.Module._extensions..js (internal/modules/cjs/loader.js:712:10)
    at Module.load (internal/modules/cjs/loader.js:600:32)
    at tryModuleLoad (internal/modules/cjs/loader.js:539:12)
    at Function.Module._load (internal/modules/cjs/loader.js:531:3)
    at Module.require (internal/modules/cjs/loader.js:637:17)
    at Module.Hook._require.Module.require (/usr/local/lib/node_modules/pm2/node_modules/require-in-the-middle/index.js:70:37)
    at require (internal/modules/cjs/helpers.js:22:18)
    at Object.<anonymous> (/Users/baiyy/blog-koa2/controller/blog.js:2:18)
    at Module._compile (internal/modules/cjs/loader.js:701:30)
    at Object.Module._extensions..js (internal/modules/cjs/loader.js:712:10)
    at Module.load (internal/modules/cjs/loader.js:600:32)
Error: ER_ACCESS_DENIED_ERROR: Access denied for user 'root'@'localhost' (using password: YES)
    at Handshake.Sequence._packetToError (/Users/baiyy/blog-koa2/node_modules/mysql/lib/protocol/sequences/Sequence.js:47:14)
    at Handshake.ErrorPacket (/Users/baiyy/blog-koa2/node_modules/mysql/lib/protocol/sequences/Handshake.js:124:18)
    at Protocol._parsePacket (/Users/baiyy/blog-koa2/node_modules/mysql/lib/protocol/Protocol.js:278:23)
    at Parser.write (/Users/baiyy/blog-koa2/node_modules/mysql/lib/protocol/Parser.js:76:12)
    at Protocol.write (/Users/baiyy/blog-koa2/node_modules/mysql/lib/protocol/Protocol.js:38:16)
    at Socket.<anonymous> (/Users/baiyy/blog-koa2/node_modules/mysql/lib/Connection.js:91:28)
    at Socket.<anonymous> (/Users/baiyy/blog-koa2/node_modules/mysql/lib/Connection.js:502:10)
    at Socket.emit (events.js:189:13)
    at addChunk (_stream_readable.js:284:12)
    at readableAddChunk (_stream_readable.js:265:11)
    at Socket.Readable.push (_stream_readable.js:220:10)
    at TCP.onStreamRead [as onread] (internal/stream_base_commons.js:94:17)
    --------------------
    at Protocol._enqueue (/Users/baiyy/blog-koa2/node_modules/mysql/lib/protocol/Protocol.js:144:48)
    at Protocol.handshake (/Users/baiyy/blog-koa2/node_modules/mysql/lib/protocol/Protocol.js:51:23)
    at Connection.connect (/Users/baiyy/blog-koa2/node_modules/mysql/lib/Connection.js:118:18)
    at Object.<anonymous> (/Users/baiyy/blog-koa2/db/mysql.js:8:5)
    at Module._compile (internal/modules/cjs/loader.js:701:30)
    at Object.Module._extensions..js (internal/modules/cjs/loader.js:712:10)
    at Module.load (internal/modules/cjs/loader.js:600:32)
    at tryModuleLoad (internal/modules/cjs/loader.js:539:12)
    at Function.Module._load (internal/modules/cjs/loader.js:531:3)
    at Module.require (internal/modules/cjs/loader.js:637:17)
    at Module.Hook._require.Module.require (/usr/local/lib/node_modules/pm2/node_modules/require-in-the-middle/index.js:70:37)
    at require (internal/modules/cjs/helpers.js:22:18)
    at Object.<anonymous> (/Users/baiyy/blog-koa2/controller/blog.js:2:18)
    at Module._compile (internal/modules/cjs/loader.js:701:30)
    at Object.Module._extensions..js (internal/modules/cjs/loader.js:712:10)
    at Module.load (internal/modules/cjs/loader.js:600:32)
Error: ER_ACCESS_DENIED_ERROR: Access denied for user 'root'@'localhost' (using password: YES)
    at Handshake.Sequence._packetToError (/Users/baiyy/blog-koa2/node_modules/mysql/lib/protocol/sequences/Sequence.js:47:14)
    at Handshake.ErrorPacket (/Users/baiyy/blog-koa2/node_modules/mysql/lib/protocol/sequences/Handshake.js:124:18)
    at Protocol._parsePacket (/Users/baiyy/blog-koa2/node_modules/mysql/lib/protocol/Protocol.js:278:23)
    at Parser.write (/Users/baiyy/blog-koa2/node_modules/mysql/lib/protocol/Parser.js:76:12)
    at Protocol.write (/Users/baiyy/blog-koa2/node_modules/mysql/lib/protocol/Protocol.js:38:16)
    at Socket.<anonymous> (/Users/baiyy/blog-koa2/node_modules/mysql/lib/Connection.js:91:28)
    at Socket.<anonymous> (/Users/baiyy/blog-koa2/node_modules/mysql/lib/Connection.js:502:10)
    at Socket.emit (events.js:189:13)
    at addChunk (_stream_readable.js:284:12)
    at readableAddChunk (_stream_readable.js:265:11)
    at Socket.Readable.push (_stream_readable.js:220:10)
    at TCP.onStreamRead [as onread] (internal/stream_base_commons.js:94:17)
    --------------------
    at Protocol._enqueue (/Users/baiyy/blog-koa2/node_modules/mysql/lib/protocol/Protocol.js:144:48)
    at Protocol.handshake (/Users/baiyy/blog-koa2/node_modules/mysql/lib/protocol/Protocol.js:51:23)
    at Connection.connect (/Users/baiyy/blog-koa2/node_modules/mysql/lib/Connection.js:118:18)
    at Object.<anonymous> (/Users/baiyy/blog-koa2/db/mysql.js:8:5)
    at Module._compile (internal/modules/cjs/loader.js:701:30)
    at Object.Module._extensions..js (internal/modules/cjs/loader.js:712:10)
    at Module.load (internal/modules/cjs/loader.js:600:32)
    at tryModuleLoad (internal/modules/cjs/loader.js:539:12)
    at Function.Module._load (internal/modules/cjs/loader.js:531:3)
    at Module.require (internal/modules/cjs/loader.js:637:17)
    at Module.Hook._require.Module.require (/usr/local/lib/node_modules/pm2/node_modules/require-in-the-middle/index.js:70:37)
    at require (internal/modules/cjs/helpers.js:22:18)
    at Object.<anonymous> (/Users/baiyy/blog-koa2/controller/blog.js:2:18)
    at Module._compile (internal/modules/cjs/loader.js:701:30)
    at Object.Module._extensions..js (internal/modules/cjs/loader.js:712:10)
    at Module.load (internal/modules/cjs/loader.js:600:32)
You have triggered an unhandledRejection, you may have forgotten to catch a Promise rejection:
Error: session store is unavailable
    at Timeout.setTimeout [as _onTimeout] (/Users/baiyy/blog-koa2/node_modules/koa-generic-session/lib/session.js:441:16)
    at ontimeout (timers.js:436:11)
    at tryOnTimeout (timers.js:300:5)
    at listOnTimeout (timers.js:263:5)
    at Timer.processTimers (timers.js:223:10)
