2019-06-20 17:42:11:   <-- POST /api/user/login
2019-06-20 17:42:11: username alex1
2019-06-20 17:42:11: password 123
2019-06-20 17:42:11: POST /api/user/login - 11ms
2019-06-20 17:42:11:   --> POST /api/user/login 200 18ms 36b
2019-06-22 10:41:31:   <-- GET /api/blog/list
2019-06-22 10:41:31: GET /api/blog/list - 8ms
2019-06-22 10:41:31:   --> GET /api/blog/list 200 19ms 204b
2019-06-22 10:41:31:   <-- GET /favicon.ico
2019-06-22 10:41:31: GET /favicon.ico - 1ms
2019-06-22 10:41:31:   --> GET /favicon.ico 404 1ms -
2019-06-22 10:41:33:   <-- GET /api/blog/list
2019-06-22 10:41:33: GET /api/blog/list - 1ms
2019-06-22 10:41:33:   --> GET /api/blog/list 200 2ms 204b
2019-06-22 11:10:13:   <-- GET /api/blog/list
2019-06-22 11:10:13: GET /api/blog/list - 1ms
2019-06-22 11:10:13:   --> GET /api/blog/list 200 2ms 204b
2019-06-22 15:42:47:   <-- GET /api/blog/list
2019-06-22 15:42:47: GET /api/blog/list - 1ms
2019-06-22 15:42:47:   --> GET /api/blog/list 200 2ms 204b
2019-06-22 15:46:03:   <-- GET /api/blog/list
2019-06-22 15:46:03: GET /api/blog/list - 0ms
2019-06-22 15:46:03:   --> GET /api/blog/list 200 2ms 204b
